# JRE version: OpenJDK Runtime Environment (11.0.8+10) (build 11.0.8+10-b944.6842174)
# Java VM: OpenJDK 64-Bit Server VM (11.0.8+10-b944.6842174, mixed mode, tiered, compressed oops, g1 gc, windows-amd64)
Heap:
 garbage-first heap   total 152576K, used 98698K [0x0000000080000000, 0x0000000100000000)
  region size 1024K, 6 young (6144K), 3 survivors (3072K)
 Metaspace       used 109361K, capacity 111861K, committed 113484K, reserved 1146880K
  class space    used 13893K, capacity 14820K, committed 15488K, reserved 1048576K
GC Heap History (20 events):
Event: 34.233 GC heap before
{Heap before GC invocations=42 (full 0):
 garbage-first heap   total 152576K, used 123311K [0x0000000080000000, 0x0000000100000000)
  region size 1024K, 36 young (36864K), 5 survivors (5120K)
 Metaspace       used 94752K, capacity 96952K, committed 97100K, reserved 1134592K
  class space    used 12071K, capacity 12848K, committed 12928K, reserved 1048576K
}
Event: 34.241 GC heap after
{Heap after GC invocations=43 (full 0):
 garbage-first heap   total 152576K, used 88609K [0x0000000080000000, 0x0000000100000000)
  region size 1024K, 3 young (3072K), 3 survivors (3072K)
 Metaspace       used 94752K, capacity 96952K, committed 97100K, reserved 1134592K
  class space    used 12071K, capacity 12848K, committed 12928K, reserved 1048576K
}
Event: 34.256 GC heap before
{Heap before GC invocations=43 (full 0):
 garbage-first heap   total 152576K, used 91681K [0x0000000080000000, 0x0000000100000000)
  region size 1024K, 7 young (7168K), 3 survivors (3072K)
 Metaspace       used 94765K, capacity 96952K, committed 97100K, reserved 1134592K
  class space    used 12072K, capacity 12848K, committed 12928K, reserved 1048576K
}
Event: 34.259 GC heap after
{Heap after GC invocations=44 (full 0):
 garbage-first heap   total 152576K, used 88189K [0x0000000080000000, 0x0000000100000000)
  region size 1024K, 1 young (1024K), 1 survivors (1024K)
 Metaspace       used 94765K, capacity 96952K, committed 97100K, reserved 1134592K
  class space    used 12072K, capacity 12848K, committed 12928K, reserved 1048576K
}
Event: 34.955 GC heap before
{Heap before GC invocations=44 (full 0):
 garbage-first heap   total 152576K, used 119933K [0x0000000080000000, 0x0000000100000000)
  region size 1024K, 33 young (33792K), 1 survivors (1024K)
 Metaspace       used 98444K, capacity 100838K, committed 101068K, reserved 1136640K
  class space    used 12616K, capacity 13472K, committed 13568K, reserved 1048576K
}
Event: 34.964 GC heap after
{Heap after GC invocations=45 (full 0):
 garbage-first heap   total 152576K, used 96207K [0x0000000080000000, 0x0000000100000000)
  region size 1024K, 5 young (5120K), 5 survivors (5120K)
 Metaspace       used 98444K, capacity 100838K, committed 101068K, reserved 1136640K
  class space    used 12616K, capacity 13472K, committed 13568K, reserved 1048576K
}
Event: 35.455 GC heap before
{Heap before GC invocations=45 (full 0):
 garbage-first heap   total 152576K, used 121807K [0x0000000080000000, 0x0000000100000000)
  region size 1024K, 31 young (31744K), 5 survivors (5120K)
 Metaspace       used 101801K, capacity 104675K, committed 104780K, reserved 1140736K
  class space    used 13266K, capacity 14364K, committed 14464K, reserved 1048576K
}
Event: 35.465 GC heap after
{Heap after GC invocations=46 (full 0):
 garbage-first heap   total 152576K, used 99366K [0x0000000080000000, 0x0000000100000000)
  region size 1024K, 4 young (4096K), 4 survivors (4096K)
 Metaspace       used 101801K, capacity 104675K, committed 104780K, reserved 1140736K
  class space    used 13266K, capacity 14364K, committed 14464K, reserved 1048576K
}
Event: 35.842 GC heap before
{Heap before GC invocations=46 (full 0):
 garbage-first heap   total 152576K, used 122918K [0x0000000080000000, 0x0000000100000000)
  region size 1024K, 28 young (28672K), 4 survivors (4096K)
 Metaspace       used 103464K, capacity 106506K, committed 106572K, reserved 1140736K
  class space    used 13511K, capacity 14675K, committed 14720K, reserved 1048576K
}
Event: 35.853 GC heap after
{Heap after GC invocations=47 (full 0):
 garbage-first heap   total 152576K, used 102759K [0x0000000080000000, 0x0000000100000000)
  region size 1024K, 4 young (4096K), 4 survivors (4096K)
 Metaspace       used 103464K, capacity 106506K, committed 106572K, reserved 1140736K
  class space    used 13511K, capacity 14675K, committed 14720K, reserved 1048576K
}
Event: 38.294 GC heap before
{Heap before GC invocations=48 (full 0):
 garbage-first heap   total 152576K, used 127335K [0x0000000080000000, 0x0000000100000000)
  region size 1024K, 27 young (27648K), 4 survivors (4096K)
 Metaspace       used 103761K, capacity 106629K, committed 107084K, reserved 1142784K
  class space    used 13442K, capacity 14537K, committed 14720K, reserved 1048576K
}
Event: 38.298 GC heap after
{Heap after GC invocations=49 (full 0):
 garbage-first heap   total 152576K, used 101469K [0x0000000080000000, 0x0000000100000000)
  region size 1024K, 2 young (2048K), 2 survivors (2048K)
 Metaspace       used 103761K, capacity 106629K, committed 107084K, reserved 1142784K
  class space    used 13442K, capacity 14537K, committed 14720K, reserved 1048576K
}
Event: 38.350 GC heap before
{Heap before GC invocations=49 (full 0):
 garbage-first heap   total 152576K, used 105565K [0x0000000080000000, 0x0000000100000000)
  region size 1024K, 7 young (7168K), 2 survivors (2048K)
 Metaspace       used 103926K, capacity 106807K, committed 107468K, reserved 1142784K
  class space    used 13465K, capacity 14573K, committed 14848K, reserved 1048576K
}
Event: 38.355 GC heap after
{Heap after GC invocations=50 (full 0):
 garbage-first heap   total 152576K, used 93350K [0x0000000080000000, 0x0000000100000000)
  region size 1024K, 1 young (1024K), 1 survivors (1024K)
 Metaspace       used 103926K, capacity 106807K, committed 107468K, reserved 1142784K
  class space    used 13465K, capacity 14573K, committed 14848K, reserved 1048576K
}
Event: 39.250 GC heap before
{Heap before GC invocations=50 (full 0):
 garbage-first heap   total 152576K, used 125094K [0x0000000080000000, 0x0000000100000000)
  region size 1024K, 30 young (30720K), 1 survivors (1024K)
 Metaspace       used 105558K, capacity 108584K, committed 109004K, reserved 1142784K
  class space    used 13745K, capacity 14891K, committed 15104K, reserved 1048576K
}
Event: 39.256 GC heap after
{Heap after GC invocations=51 (full 0):
 garbage-first heap   total 152576K, used 96771K [0x0000000080000000, 0x0000000100000000)
  region size 1024K, 4 young (4096K), 4 survivors (4096K)
 Metaspace       used 105558K, capacity 108584K, committed 109004K, reserved 1142784K
  class space    used 13745K, capacity 14891K, committed 15104K, reserved 1048576K
}
Event: 39.731 GC heap before
{Heap before GC invocations=51 (full 0):
 garbage-first heap   total 152576K, used 117251K [0x0000000080000000, 0x0000000100000000)
  region size 1024K, 24 young (24576K), 4 survivors (4096K)
 Metaspace       used 106957K, capacity 110046K, committed 110156K, reserved 1144832K
  class space    used 13937K, capacity 15127K, committed 15232K, reserved 1048576K
}
Event: 39.738 GC heap after
{Heap after GC invocations=52 (full 0):
 garbage-first heap   total 152576K, used 97941K [0x0000000080000000, 0x0000000100000000)
  region size 1024K, 2 young (2048K), 2 survivors (2048K)
 Metaspace       used 106957K, capacity 110046K, committed 110156K, reserved 1144832K
  class space    used 13937K, capacity 15127K, committed 15232K, reserved 1048576K
}
Event: 106.954 GC heap before
{Heap before GC invocations=53 (full 0):
 garbage-first heap   total 152576K, used 132404K [0x0000000080000000, 0x0000000100000000)
  region size 1024K, 26 young (26624K), 2 survivors (2048K)
 Metaspace       used 109278K, capacity 111789K, committed 113228K, reserved 1146880K
  class space    used 13893K, capacity 14820K, committed 15488K, reserved 1048576K
}
Event: 107.042 GC heap after
{Heap after GC invocations=54 (full 0):
 garbage-first heap   total 152576K, used 96650K [0x0000000080000000, 0x0000000100000000)
  region size 1024K, 3 young (3072K), 3 survivors (3072K)
 Metaspace       used 109278K, capacity 111789K, committed 113228K, reserved 1146880K
  class space    used 13893K, capacity 14820K, committed 15488K, reserved 1048576K
}

