# JRE version: OpenJDK Runtime Environment (11.0.8+10) (build 11.0.8+10-b944.6842174)
# Java VM: OpenJDK 64-Bit Server VM (11.0.8+10-b944.6842174, mixed mode, tiered, compressed oops, g1 gc, windows-amd64)
Heap:
 garbage-first heap   total 152576K, used 107701K [0x0000000080000000, 0x0000000100000000)
  region size 1024K, 17 young (17408K), 5 survivors (5120K)
 Metaspace       used 105036K, capacity 107611K, committed 107648K, reserved 1142784K
  class space    used 13267K, capacity 14173K, committed 14208K, reserved 1048576K
GC Heap History (20 events):
Event: 18.310 GC heap before
{Heap before GC invocations=27 (full 0):
 garbage-first heap   total 126976K, used 104927K [0x0000000080000000, 0x0000000100000000)
  region size 1024K, 33 young (33792K), 5 survivors (5120K)
 Metaspace       used 79288K, capacity 81266K, committed 81408K, reserved 1120256K
  class space    used 10272K, capacity 10897K, committed 11008K, reserved 1048576K
}
Event: 18.317 GC heap after
{Heap after GC invocations=28 (full 0):
 garbage-first heap   total 126976K, used 77952K [0x0000000080000000, 0x0000000100000000)
  region size 1024K, 4 young (4096K), 4 survivors (4096K)
 Metaspace       used 79288K, capacity 81266K, committed 81408K, reserved 1120256K
  class space    used 10272K, capacity 10897K, committed 11008K, reserved 1048576K
}
Event: 19.042 GC heap before
{Heap before GC invocations=28 (full 0):
 garbage-first heap   total 126976K, used 106624K [0x0000000080000000, 0x0000000100000000)
  region size 1024K, 32 young (32768K), 4 survivors (4096K)
 Metaspace       used 83100K, capacity 85154K, committed 85248K, reserved 1122304K
  class space    used 10799K, capacity 11438K, committed 11520K, reserved 1048576K
}
Event: 19.051 GC heap after
{Heap after GC invocations=29 (full 0):
 garbage-first heap   total 126976K, used 78897K [0x0000000080000000, 0x0000000100000000)
  region size 1024K, 3 young (3072K), 3 survivors (3072K)
 Metaspace       used 83100K, capacity 85154K, committed 85248K, reserved 1122304K
  class space    used 10799K, capacity 11438K, committed 11520K, reserved 1048576K
}
Event: 19.681 GC heap before
{Heap before GC invocations=30 (full 0):
 garbage-first heap   total 126976K, used 106545K [0x0000000080000000, 0x0000000100000000)
  region size 1024K, 30 young (30720K), 3 survivors (3072K)
 Metaspace       used 85795K, capacity 87727K, committed 87808K, reserved 1126400K
  class space    used 11105K, capacity 11736K, committed 11776K, reserved 1048576K
}
Event: 19.687 GC heap after
{Heap after GC invocations=31 (full 0):
 garbage-first heap   total 126976K, used 81198K [0x0000000080000000, 0x0000000100000000)
  region size 1024K, 4 young (4096K), 4 survivors (4096K)
 Metaspace       used 85795K, capacity 87727K, committed 87808K, reserved 1126400K
  class space    used 11105K, capacity 11736K, committed 11776K, reserved 1048576K
}
Event: 20.393 GC heap before
{Heap before GC invocations=31 (full 0):
 garbage-first heap   total 126976K, used 105774K [0x0000000080000000, 0x0000000100000000)
  region size 1024K, 29 young (29696K), 4 survivors (4096K)
 Metaspace       used 87653K, capacity 89857K, committed 89984K, reserved 1126400K
  class space    used 11376K, capacity 12104K, committed 12160K, reserved 1048576K
}
Event: 20.402 GC heap after
{Heap after GC invocations=32 (full 0):
 garbage-first heap   total 152576K, used 83430K [0x0000000080000000, 0x0000000100000000)
  region size 1024K, 4 young (4096K), 4 survivors (4096K)
 Metaspace       used 87653K, capacity 89857K, committed 89984K, reserved 1126400K
  class space    used 11376K, capacity 12104K, committed 12160K, reserved 1048576K
}
Event: 20.875 GC heap before
{Heap before GC invocations=33 (full 0):
 garbage-first heap   total 152576K, used 120294K [0x0000000080000000, 0x0000000100000000)
  region size 1024K, 41 young (41984K), 4 survivors (4096K)
 Metaspace       used 88163K, capacity 90444K, committed 90624K, reserved 1128448K
  class space    used 11435K, capacity 12190K, committed 12288K, reserved 1048576K
}
Event: 20.882 GC heap after
{Heap after GC invocations=34 (full 0):
 garbage-first heap   total 152576K, used 85667K [0x0000000080000000, 0x0000000100000000)
  region size 1024K, 5 young (5120K), 5 survivors (5120K)
 Metaspace       used 88163K, capacity 90444K, committed 90624K, reserved 1128448K
  class space    used 11435K, capacity 12190K, committed 12288K, reserved 1048576K
}
Event: 21.604 GC heap before
{Heap before GC invocations=34 (full 0):
 garbage-first heap   total 152576K, used 121507K [0x0000000080000000, 0x0000000100000000)
  region size 1024K, 41 young (41984K), 5 survivors (5120K)
 Metaspace       used 89829K, capacity 92069K, committed 92288K, reserved 1128448K
  class space    used 11618K, capacity 12355K, committed 12416K, reserved 1048576K
}
Event: 21.614 GC heap after
{Heap after GC invocations=35 (full 0):
 garbage-first heap   total 152576K, used 88309K [0x0000000080000000, 0x0000000100000000)
  region size 1024K, 5 young (5120K), 5 survivors (5120K)
 Metaspace       used 89829K, capacity 92069K, committed 92288K, reserved 1128448K
  class space    used 11618K, capacity 12355K, committed 12416K, reserved 1048576K
}
Event: 24.727 GC heap before
{Heap before GC invocations=36 (full 0):
 garbage-first heap   total 152576K, used 124149K [0x0000000080000000, 0x0000000100000000)
  region size 1024K, 41 young (41984K), 5 survivors (5120K)
 Metaspace       used 96226K, capacity 98612K, committed 98816K, reserved 1134592K
  class space    used 12420K, capacity 13251K, committed 13312K, reserved 1048576K
}
Event: 24.733 GC heap after
{Heap after GC invocations=37 (full 0):
 garbage-first heap   total 152576K, used 91126K [0x0000000080000000, 0x0000000100000000)
  region size 1024K, 6 young (6144K), 6 survivors (6144K)
 Metaspace       used 96226K, capacity 98612K, committed 98816K, reserved 1134592K
  class space    used 12420K, capacity 13251K, committed 13312K, reserved 1048576K
}
Event: 25.124 GC heap before
{Heap before GC invocations=37 (full 0):
 garbage-first heap   total 152576K, used 110582K [0x0000000080000000, 0x0000000100000000)
  region size 1024K, 27 young (27648K), 6 survivors (6144K)
 Metaspace       used 98439K, capacity 100937K, committed 100992K, reserved 1136640K
  class space    used 12756K, capacity 13659K, committed 13696K, reserved 1048576K
}
Event: 25.131 GC heap after
{Heap after GC invocations=38 (full 0):
 garbage-first heap   total 152576K, used 92556K [0x0000000080000000, 0x0000000100000000)
  region size 1024K, 2 young (2048K), 2 survivors (2048K)
 Metaspace       used 98439K, capacity 100937K, committed 100992K, reserved 1136640K
  class space    used 12756K, capacity 13659K, committed 13696K, reserved 1048576K
}
Event: 25.936 GC heap before
{Heap before GC invocations=39 (full 0):
 garbage-first heap   total 152576K, used 127372K [0x0000000080000000, 0x0000000100000000)
  region size 1024K, 35 young (35840K), 2 survivors (2048K)
 Metaspace       used 101223K, capacity 103697K, committed 104064K, reserved 1138688K
  class space    used 12968K, capacity 13802K, committed 13952K, reserved 1048576K
}
Event: 25.940 GC heap after
{Heap after GC invocations=40 (full 0):
 garbage-first heap   total 152576K, used 94427K [0x0000000080000000, 0x0000000100000000)
  region size 1024K, 4 young (4096K), 4 survivors (4096K)
 Metaspace       used 101223K, capacity 103697K, committed 104064K, reserved 1138688K
  class space    used 12968K, capacity 13802K, committed 13952K, reserved 1048576K
}
Event: 39.198 GC heap before
{Heap before GC invocations=40 (full 0):
 garbage-first heap   total 152576K, used 126171K [0x0000000080000000, 0x0000000100000000)
  region size 1024K, 36 young (36864K), 4 survivors (4096K)
 Metaspace       used 104558K, capacity 107125K, committed 107392K, reserved 1142784K
  class space    used 13230K, capacity 14090K, committed 14208K, reserved 1048576K
}
Event: 39.233 GC heap after
{Heap after GC invocations=41 (full 0):
 garbage-first heap   total 152576K, used 96437K [0x0000000080000000, 0x0000000100000000)
  region size 1024K, 5 young (5120K), 5 survivors (5120K)
 Metaspace       used 104558K, capacity 107125K, committed 107392K, reserved 1142784K
  class space    used 13230K, capacity 14090K, committed 14208K, reserved 1048576K
}

